earth is struck by a giant cloud and magically saved

earth is struck by a giant cloud but is saved

earth scientists discover enormous blobs who are friendly and a
cute little kid convinces them people are ok and they die

earth is struck by a giant cloud and is destroyed

earth falls into sun and everybody dies

earth scientists discover tiny reptiles who under stand and are
radioactive and can not be killed by the air force so they put us
under a benign dictator ship

earth scientists invent tiny reptiles who are friendly and and
they get married and live happily forever after

earth scientists invent enormous reptiles who are friendly and and
they get married and live happily forever after

earth is struck by a giant asteroid but is saved

earth burns up and some but is saved by earth scientists the
scientists invent giant reptiles who under stand and are not
radioactive and can be killed by the army

earth is attacked by tiny extra galactic blobs who under stand and
are not radioactive and can not be killed by the army and the coast
guard so they eat us
