0 The City of Ladue's1 The City has the   |
| sign ordinance     | right to regulate  |
| abridges Margaret  | the display of     |
| P. Gilleo's First  | residential signs. |
| Amendment Right to |                    |
| Free Speech.       |                    |
|                    2  The proliferation 21 "Ladue's sign
|                    |  of residential    |  ordinance is
|                    |  signs has side    |  supported
|                    |  effects, that are |  principally by the
|                    |  compelling        |  City's interest in
|                    |  interests.        |  minimizing the
|                    |                    |  visual clutter
|                    |                    |  associated with
|                    |                    |  signs, an interest
|                    |                    |  that is concededly
|                    |                    |  valid but
|                    |                    |  certainly no more
|                    |                    |  compelling than
|                    |                    |  the interests at
|                    |                    |  stake in Linmark."
|                    |                    24  "In Linmark we
|                    |                    |   held that the
|                    |                    |   City's interest
|                    |                    |   in maintaining a
|                    |                    |   stable, racially
|                    |                    |   integrated
|                    |                    |   neighborhood was
|                    |                    |   not sufficient to
|                    |                    |   support a
|                    |                    |   prohibition of
|                    |                    |   residential -For
|                    |                    |   Sale- signs."
|                    |                    22  "We are confident
|                    |                    |   that more
|                    |                    |   temperate
|                    |                    |   measures could in
|                    |                    |   large part
|                    |                    |   satisfy Ladue's
|                    |                    |   stated regulatory
|                    |                    |   needs without
|                    |                    |   harm to the First
|                    |                    |   Amendment rights
|                    |                    |   of its citizens."
|                    6   Signs may cause  |
|                    |   "safety and      |
|                    |   traffic hazards  |
|                    |   to motorists,    |
|                    |   pedestrians, and |
|                    |   children[.]"     |
|                    5   Signs would      |
|                    |   "impair property |
|                    |   values,          |
|                    |   substantially    |
|                    |   impinge upon the |
|                    |   privacy and      |
|                    |   special ambience |
|                    |   of the community"|
|                    4   Signs would      |
|                    |   "tarnish the     |
|                    |   natural beauty of|
|                    |   the landscape as |
|                    |   well as the      |
|                    |   residential and  |
|                    |   commercial       |
|                    |   architecture"    |
|                    3   Signs cause      |
|                    |   "ugliness and ...|
|                    |   visual blight and|
|                    |   clutter"         |
10 No satisfactory   |                    |
|  alternatives exist|                    |
|  for residential   |                    |
|  signs.            |                    |
12  "Residential     |                    |
|   signs are an     |                    |
|   unusually cheap  |                    |
|   and convenient   |                    |
|   form of          |                    |
|   communication."  |                    |
13   "Especially for |                    |
|    persons of      |                    |
|    modest means or |                    |
|    limited         |                    |
|    mobility, a yard|                    |
|    or window sign  |                    |
|    may have no     |                    |
|    practical       |                    |
|    substitute."    |                    |
11  "Precisely       |                    |
|   because of their |                    |
|   location, such   |                    |
|   signs provide    |                    |
|   information about|                    |
|   the identity of  |                    |
|   the -speaker.-"  |                    |
7  The ordinance     14 The ordinance is  15 The ordinance
|  prohibits too much|  content-neutral.  |  extempts certain
|  protected speech. |                    |  kinds of signs,
|                    |                    |  e.g. For Sale, For
|                    |                    |  Rent, etc.
|                    |                    18  "An exemption
|                    |                    |   from an otherwise
|                    |                    |   permissible
|                    |                    |   regulation of
|                    |                    |   speech may
|                    |                    |   represent a
|                    |                    |   governmental
|                    |                    |   -attempt to give
|                    |                    |   one side of a
|                    |                    |   debatable public
|                    |                    |   question an
|                    |                    |   advantage in
|                    |                    |   expressing its
|                    |                    |   views to the
|                    |                    |   people.-"
|                    |                    16  "[The exemptions]
|                    |                    |   may diminish the
|                    |                    |   credibility of
|                    |                    |   the government's
|                    |                    |   rationale for
|                    |                    |   restricting
|                    |                    |   speech in the
|                    |                    |   first place."
|                    |                    17   "Ladue has
|                    |                    |    concluded that
|                    |                    |    the interest in
|                    |                    |    allowing certain
|                    |                    |    messages to be
|                    |                    |    conveyed by
|                    |                    |    means of
|                    |                    |    residential
|                    |                    |    signs outweighs
|                    |                    |    the City's
|                    |                    |    aesthetic
|                    |                    |    interest in
|                    |                    |    eliminating
|                    |                    |    outdoor signs."
|                    23  "Ladue           |
|                    |   contends...that  |
|                    |   its ordinance is |
|                    |   a mere regulation|
|                    |   of the -time,    |
|                    |   place, or manner-|
|                    |   of speech because|
|                    |   residents remain |
|                    |   free to convey   |
|                    |   their desired    |
|                    |   messages by other|
|                    |   means..."        |
|                    19  "The mix of      |
|                    |   prohibitions and |
|                    |   exemptions in the|
|                    |   ordinance, Ladue |
|                    |   maintains,       |
|                    |   reflects         |
|                    |   legitimate       |
|                    |   differences among|
|                    |   the side effects |
|                    |   of various kinds |
|                    |   of signs."       |
|                    25   Governments can |
|                    |    regulate        |
|                    |    physical        |
|                    |    characteristics |
|                    |    within          |
|                    |    reasonable      |
|                    |    bounds.         |
|                    27    Kovacs v.      |
|                    |     Cooper         |
|                    26    Ward v. Rock   |
|                    |     Against Racism |
|                    20   ".. according to|
|                    |    the Declaration |
|                    |    of Findings,    |
|                    |    Policies,       |
|                    |    Interests, and  |
|                    |    Purposes        |
|                    |    supporting the  |
|                    |    ordinance, the  |
|                    |    permitted signs,|
|                    |    unlike the      |
|                    |    prohibited      |
|                    |    signs, are      |
|                    |    unlikely to     |
|                    |    contribute to   |
|                    |    the dangers of  |
|                    |    -unlimited      |
|                    |    proliferation- "|
9   "...residential  |                    |
|   signs play an    |                    |
|   important part in|                    |
|   political        |                    |
|   campaigns, during|                    |
|   which they are   |                    |
|   displayed to     |                    |
|   signal the       |                    |
|   resident's       |                    |
|   support for      |                    |
|   particular       |                    |
|   candidates,      |                    |
|   parties, or      |                    |
|   causes."         |                    |
8   "Ladue's         |                    |
|   ordinance covers |                    |
|   even such        |                    |
|   absolutely       |                    |
|   pivotal speech as|                    |
|   a sign protesting|                    |
|   an imminent      |                    |
|   governmental     |                    |
|   decision to go to|                    |
|   war."            |                    |
